This file contains any messages produced by compilers while
running configure, to aid debugging if configure makes a mistake.

It was created by package-unused configure version-unused, which was
generated by GNU Autoconf 2.69.  Invocation command line was

  $ /media/tliu/ECE699/tvm-repo/tvm/cmake/libs/../../3rdparty/libbacktrace/configure --prefix=/media/tliu/ECE699/tvm-repo/tvm/build/libbacktrace --with-pic

## --------- ##
## Platform. ##
## --------- ##

hostname = ignis-ThinkStation-P620
uname -m = x86_64
uname -r = 5.4.0-80-generic
uname -s = Linux
uname -v = #90~18.04.1-Ubuntu SMP Tue Jul 13 19:40:02 UTC 2021

/usr/bin/uname -p = unknown
/bin/uname -X     = unknown

/bin/arch              = unknown
/usr/bin/arch -k       = unknown
/usr/convex/getsysinfo = unknown
/usr/bin/hostinfo      = unknown
/bin/machine           = unknown
/usr/bin/oslevel       = unknown
/bin/universe          = unknown

PATH: /home/tliu/anaconda3/bin
PATH: /home/tliu/anaconda3/condabin
PATH: /home/tliu/.local/bin
PATH: /home/tliu/bin
PATH: /usr/local/sbin
PATH: /usr/local/bin
PATH: /usr/sbin
PATH: /usr/bin
PATH: /sbin
PATH: /bin
PATH: /usr/games
PATH: /usr/local/games
PATH: /snap/bin
PATH: /home/tliu/intelFPGA_pro/19.1/qsys/bin
PATH: /home/tliu/intelFPGA_pro/19.1/quartus/bin


## ----------- ##
## Core tests. ##
## ----------- ##

configure:2379: checking build system type
configure:2393: result: x86_64-pc-linux-gnu
configure:2413: checking host system type
configure:2426: result: x86_64-pc-linux-gnu
configure:2446: checking target system type
configure:2459: result: x86_64-pc-linux-gnu
configure:2539: checking for gcc
configure:2555: found /usr/bin/gcc
configure:2566: result: gcc
configure:2795: checking for C compiler version
configure:2804: gcc --version >&5
gcc (Ubuntu 7.5.0-3ubuntu1~18.04) 7.5.0
Copyright (C) 2017 Free Software Foundation, Inc.
This is free software; see the source for copying conditions.  There is NO
warranty; not even for MERCHANTABILITY or FITNESS FOR A PARTICULAR PURPOSE.

configure:2815: $? = 0
configure:2804: gcc -v >&5
Using built-in specs.
COLLECT_GCC=gcc
COLLECT_LTO_WRAPPER=/usr/lib/gcc/x86_64-linux-gnu/7/lto-wrapper
OFFLOAD_TARGET_NAMES=nvptx-none
OFFLOAD_TARGET_DEFAULT=1
Target: x86_64-linux-gnu
Configured with: ../src/configure -v --with-pkgversion='Ubuntu 7.5.0-3ubuntu1~18.04' --with-bugurl=file:///usr/share/doc/gcc-7/README.Bugs --enable-languages=c,ada,c++,go,brig,d,fortran,objc,obj-c++ --prefix=/usr --with-gcc-major-version-only --program-suffix=-7 --program-prefix=x86_64-linux-gnu- --enable-shared --enable-linker-build-id --libexecdir=/usr/lib --without-included-gettext --enable-threads=posix --libdir=/usr/lib --enable-nls --enable-bootstrap --enable-clocale=gnu --enable-libstdcxx-debug --enable-libstdcxx-time=yes --with-default-libstdcxx-abi=new --enable-gnu-unique-object --disable-vtable-verify --enable-libmpx --enable-plugin --enable-default-pie --with-system-zlib --with-target-system-zlib --enable-objc-gc=auto --enable-multiarch --disable-werror --with-arch-32=i686 --with-abi=m64 --with-multilib-list=m32,m64,mx32 --enable-multilib --with-tune=generic --enable-offload-targets=nvptx-none --without-cuda-driver --enable-checking=release --build=x86_64-linux-gnu --host=x86_64-linux-gnu --target=x86_64-linux-gnu
Thread model: posix
gcc version 7.5.0 (Ubuntu 7.5.0-3ubuntu1~18.04) 
configure:2815: $? = 0
configure:2804: gcc -V >&5
gcc: error: unrecognized command line option '-V'
gcc: fatal error: no input files
compilation terminated.
configure:2815: $? = 1
configure:2804: gcc -qversion >&5
gcc: error: unrecognized command line option '-qversion'; did you mean '--version'?
gcc: fatal error: no input files
compilation terminated.
configure:2815: $? = 1
configure:2835: checking whether the C compiler works
configure:2857: gcc    conftest.c  >&5
configure:2861: $? = 0
configure:2909: result: yes
configure:2912: checking for C compiler default output file name
configure:2914: result: a.out
configure:2920: checking for suffix of executables
configure:2927: gcc -o conftest    conftest.c  >&5
configure:2931: $? = 0
configure:2953: result: 
configure:2975: checking whether we are cross compiling
configure:2983: gcc -o conftest    conftest.c  >&5
configure:2987: $? = 0
configure:2994: ./conftest
configure:2998: $? = 0
configure:3013: result: no
configure:3018: checking for suffix of object files
configure:3040: gcc -c   conftest.c >&5
configure:3044: $? = 0
configure:3065: result: o
configure:3069: checking whether we are using the GNU C compiler
configure:3088: gcc -c   conftest.c >&5
configure:3088: $? = 0
configure:3097: result: yes
configure:3106: checking whether gcc accepts -g
configure:3126: gcc -c -g  conftest.c >&5
configure:3126: $? = 0
configure:3167: result: yes
configure:3184: checking for gcc option to accept ISO C89
configure:3247: gcc  -c -g -O2  conftest.c >&5
configure:3247: $? = 0
configure:3260: result: none needed
configure:3285: checking whether gcc understands -c and -o together
configure:3307: gcc -c conftest.c -o conftest2.o
configure:3310: $? = 0
configure:3307: gcc -c conftest.c -o conftest2.o
configure:3310: $? = 0
configure:3322: result: yes
configure:3345: checking how to run the C preprocessor
configure:3376: gcc -E  conftest.c
configure:3376: $? = 0
configure:3390: gcc -E  conftest.c
conftest.c:9:10: fatal error: ac_nonexistent.h: No such file or directory
 #include <ac_nonexistent.h>
          ^~~~~~~~~~~~~~~~~~
compilation terminated.
configure:3390: $? = 1
configure: failed program was:
| /* confdefs.h */
| #define PACKAGE_NAME "package-unused"
| #define PACKAGE_TARNAME "libbacktrace"
| #define PACKAGE_VERSION "version-unused"
| #define PACKAGE_STRING "package-unused version-unused"
| #define PACKAGE_BUGREPORT ""
| #define PACKAGE_URL ""
| /* end confdefs.h.  */
| #include <ac_nonexistent.h>
configure:3415: result: gcc -E
configure:3435: gcc -E  conftest.c
configure:3435: $? = 0
configure:3449: gcc -E  conftest.c
conftest.c:9:10: fatal error: ac_nonexistent.h: No such file or directory
 #include <ac_nonexistent.h>
          ^~~~~~~~~~~~~~~~~~
compilation terminated.
configure:3449: $? = 1
configure: failed program was:
| /* confdefs.h */
| #define PACKAGE_NAME "package-unused"
| #define PACKAGE_TARNAME "libbacktrace"
| #define PACKAGE_VERSION "version-unused"
| #define PACKAGE_STRING "package-unused version-unused"
| #define PACKAGE_BUGREPORT ""
| #define PACKAGE_URL ""
| /* end confdefs.h.  */
| #include <ac_nonexistent.h>
configure:3478: checking for grep that handles long lines and -e
configure:3536: result: /bin/grep
configure:3541: checking for egrep
configure:3603: result: /bin/grep -E
configure:3608: checking for ANSI C header files
configure:3628: gcc -c -g -O2  conftest.c >&5
configure:3628: $? = 0
configure:3701: gcc -o conftest -g -O2   conftest.c  >&5
configure:3701: $? = 0
configure:3701: ./conftest
configure:3701: $? = 0
configure:3712: result: yes
configure:3725: checking for sys/types.h
configure:3725: gcc -c -g -O2  conftest.c >&5
configure:3725: $? = 0
configure:3725: result: yes
configure:3725: checking for sys/stat.h
configure:3725: gcc -c -g -O2  conftest.c >&5
configure:3725: $? = 0
configure:3725: result: yes
configure:3725: checking for stdlib.h
configure:3725: gcc -c -g -O2  conftest.c >&5
configure:3725: $? = 0
configure:3725: result: yes
configure:3725: checking for string.h
configure:3725: gcc -c -g -O2  conftest.c >&5
configure:3725: $? = 0
configure:3725: result: yes
configure:3725: checking for memory.h
configure:3725: gcc -c -g -O2  conftest.c >&5
configure:3725: $? = 0
configure:3725: result: yes
configure:3725: checking for strings.h
configure:3725: gcc -c -g -O2  conftest.c >&5
configure:3725: $? = 0
configure:3725: result: yes
configure:3725: checking for inttypes.h
configure:3725: gcc -c -g -O2  conftest.c >&5
configure:3725: $? = 0
configure:3725: result: yes
configure:3725: checking for stdint.h
configure:3725: gcc -c -g -O2  conftest.c >&5
configure:3725: $? = 0
configure:3725: result: yes
configure:3725: checking for unistd.h
configure:3725: gcc -c -g -O2  conftest.c >&5
configure:3725: $? = 0
configure:3725: result: yes
configure:3738: checking minix/config.h usability
configure:3738: gcc -c -g -O2  conftest.c >&5
conftest.c:52:10: fatal error: minix/config.h: No such file or directory
 #include <minix/config.h>
          ^~~~~~~~~~~~~~~~
compilation terminated.
configure:3738: $? = 1
configure: failed program was:
| /* confdefs.h */
| #define PACKAGE_NAME "package-unused"
| #define PACKAGE_TARNAME "libbacktrace"
| #define PACKAGE_VERSION "version-unused"
| #define PACKAGE_STRING "package-unused version-unused"
| #define PACKAGE_BUGREPORT ""
| #define PACKAGE_URL ""
| #define STDC_HEADERS 1
| #define HAVE_SYS_TYPES_H 1
| #define HAVE_SYS_STAT_H 1
| #define HAVE_STDLIB_H 1
| #define HAVE_STRING_H 1
| #define HAVE_MEMORY_H 1
| #define HAVE_STRINGS_H 1
| #define HAVE_INTTYPES_H 1
| #define HAVE_STDINT_H 1
| #define HAVE_UNISTD_H 1
| /* end confdefs.h.  */
| #include <stdio.h>
| #ifdef HAVE_SYS_TYPES_H
| # include <sys/types.h>
| #endif
| #ifdef HAVE_SYS_STAT_H
| # include <sys/stat.h>
| #endif
| #ifdef STDC_HEADERS
| # include <stdlib.h>
| # include <stddef.h>
| #else
| # ifdef HAVE_STDLIB_H
| #  include <stdlib.h>
| # endif
| #endif
| #ifdef HAVE_STRING_H
| # if !defined STDC_HEADERS && defined HAVE_MEMORY_H
| #  include <memory.h>
| # endif
| # include <string.h>
| #endif
| #ifdef HAVE_STRINGS_H
| # include <strings.h>
| #endif
| #ifdef HAVE_INTTYPES_H
| # include <inttypes.h>
| #endif
| #ifdef HAVE_STDINT_H
| # include <stdint.h>
| #endif
| #ifdef HAVE_UNISTD_H
| # include <unistd.h>
| #endif
| #include <minix/config.h>
configure:3738: result: no
configure:3738: checking minix/config.h presence
configure:3738: gcc -E  conftest.c
conftest.c:19:10: fatal error: minix/config.h: No such file or directory
 #include <minix/config.h>
          ^~~~~~~~~~~~~~~~
compilation terminated.
configure:3738: $? = 1
configure: failed program was:
| /* confdefs.h */
| #define PACKAGE_NAME "package-unused"
| #define PACKAGE_TARNAME "libbacktrace"
| #define PACKAGE_VERSION "version-unused"
| #define PACKAGE_STRING "package-unused version-unused"
| #define PACKAGE_BUGREPORT ""
| #define PACKAGE_URL ""
| #define STDC_HEADERS 1
| #define HAVE_SYS_TYPES_H 1
| #define HAVE_SYS_STAT_H 1
| #define HAVE_STDLIB_H 1
| #define HAVE_STRING_H 1
| #define HAVE_MEMORY_H 1
| #define HAVE_STRINGS_H 1
| #define HAVE_INTTYPES_H 1
| #define HAVE_STDINT_H 1
| #define HAVE_UNISTD_H 1
| /* end confdefs.h.  */
| #include <minix/config.h>
configure:3738: result: no
configure:3738: checking for minix/config.h
configure:3738: result: no
configure:3759: checking whether it is safe to define __EXTENSIONS__
configure:3777: gcc -c -g -O2  conftest.c >&5
configure:3777: $? = 0
configure:3784: result: yes
configure:3860: checking for a BSD-compatible install
configure:3928: result: /usr/bin/install -c
configure:3939: checking whether build environment is sane
configure:3994: result: yes
configure:4029: WARNING: 'missing' script is too old or missing
configure:4142: checking for a thread-safe mkdir -p
configure:4181: result: /bin/mkdir -p
configure:4188: checking for gawk
configure:4218: result: no
configure:4188: checking for mawk
configure:4204: found /usr/bin/mawk
configure:4215: result: mawk
configure:4226: checking whether make sets $(MAKE)
configure:4248: result: yes
configure:4277: checking whether make supports nested variables
configure:4294: result: yes
configure:4413: checking whether to enable maintainer-specific portions of Makefiles
configure:4422: result: no
configure:4496: checking for gcc
configure:4523: result: gcc
configure:4752: checking for C compiler version
configure:4761: gcc --version >&5
gcc (Ubuntu 7.5.0-3ubuntu1~18.04) 7.5.0
Copyright (C) 2017 Free Software Foundation, Inc.
This is free software; see the source for copying conditions.  There is NO
warranty; not even for MERCHANTABILITY or FITNESS FOR A PARTICULAR PURPOSE.

configure:4772: $? = 0
configure:4761: gcc -v >&5
Using built-in specs.
COLLECT_GCC=gcc
COLLECT_LTO_WRAPPER=/usr/lib/gcc/x86_64-linux-gnu/7/lto-wrapper
OFFLOAD_TARGET_NAMES=nvptx-none
OFFLOAD_TARGET_DEFAULT=1
Target: x86_64-linux-gnu
Configured with: ../src/configure -v --with-pkgversion='Ubuntu 7.5.0-3ubuntu1~18.04' --with-bugurl=file:///usr/share/doc/gcc-7/README.Bugs --enable-languages=c,ada,c++,go,brig,d,fortran,objc,obj-c++ --prefix=/usr --with-gcc-major-version-only --program-suffix=-7 --program-prefix=x86_64-linux-gnu- --enable-shared --enable-linker-build-id --libexecdir=/usr/lib --without-included-gettext --enable-threads=posix --libdir=/usr/lib --enable-nls --enable-bootstrap --enable-clocale=gnu --enable-libstdcxx-debug --enable-libstdcxx-time=yes --with-default-libstdcxx-abi=new --enable-gnu-unique-object --disable-vtable-verify --enable-libmpx --enable-plugin --enable-default-pie --with-system-zlib --with-target-system-zlib --enable-objc-gc=auto --enable-multiarch --disable-werror --with-arch-32=i686 --with-abi=m64 --with-multilib-list=m32,m64,mx32 --enable-multilib --with-tune=generic --enable-offload-targets=nvptx-none --without-cuda-driver --enable-checking=release --build=x86_64-linux-gnu --host=x86_64-linux-gnu --target=x86_64-linux-gnu
Thread model: posix
gcc version 7.5.0 (Ubuntu 7.5.0-3ubuntu1~18.04) 
configure:4772: $? = 0
configure:4761: gcc -V >&5
gcc: error: unrecognized command line option '-V'
gcc: fatal error: no input files
compilation terminated.
configure:4772: $? = 1
configure:4761: gcc -qversion >&5
gcc: error: unrecognized command line option '-qversion'; did you mean '--version'?
gcc: fatal error: no input files
compilation terminated.
configure:4772: $? = 1
configure:4776: checking whether we are using the GNU C compiler
configure:4804: result: yes
configure:4813: checking whether gcc accepts -g
configure:4874: result: yes
configure:4891: checking for gcc option to accept ISO C89
configure:4967: result: none needed
configure:4992: checking whether gcc understands -c and -o together
configure:5029: result: yes
configure:5093: checking for ranlib
configure:5109: found /usr/bin/ranlib
configure:5120: result: ranlib
configure:5147: checking for gawk
configure:5174: result: mawk
configure:5191: checking for dwz
configure:5221: result: no
configure:5281: checking how to print strings
configure:5308: result: printf
configure:5329: checking for a sed that does not truncate output
configure:5393: result: /bin/sed
configure:5411: checking for fgrep
configure:5473: result: /bin/grep -F
configure:5508: checking for ld used by gcc
configure:5575: result: /usr/bin/ld
configure:5582: checking if the linker (/usr/bin/ld) is GNU ld
configure:5597: result: yes
configure:5609: checking for BSD- or MS-compatible name lister (nm)
configure:5658: result: /usr/bin/nm -B
configure:5788: checking the name lister (/usr/bin/nm -B) interface
configure:5795: gcc -c -g -O2  conftest.c >&5
configure:5798: /usr/bin/nm -B "conftest.o"
configure:5801: output
0000000000000000 B some_variable
configure:5808: result: BSD nm
configure:5811: checking whether ln -s works
configure:5815: result: yes
configure:5823: checking the maximum length of command line arguments
configure:5948: result: 1572864
configure:5965: checking whether the shell understands some XSI constructs
configure:5975: result: yes
configure:5979: checking whether the shell understands "+="
configure:5985: result: yes
configure:6020: checking for /usr/bin/ld option to reload object files
configure:6027: result: -r
configure:6096: checking for objdump
configure:6112: found /usr/bin/objdump
configure:6123: result: objdump
configure:6155: checking how to recognize dependent libraries
configure:6356: result: pass_all
configure:6416: checking for ar
configure:6432: found /usr/bin/ar
configure:6443: result: ar
configure:6521: checking for strip
configure:6537: found /usr/bin/strip
configure:6548: result: strip
configure:6620: checking for ranlib
configure:6647: result: ranlib
configure:6749: checking command to parse /usr/bin/nm -B output from gcc object
configure:6867: gcc -c -g -O2  conftest.c >&5
configure:6870: $? = 0
configure:6874: /usr/bin/nm -B conftest.o \| sed -n -e 's/^.*[ ]\([ABCDGIRSTW][ABCDGIRSTW]*\)[ ][ ]*\([_A-Za-z][_A-Za-z0-9]*\)$/\1 \2 \2/p' \> conftest.nm
configure:6877: $? = 0
configure:6931: gcc -o conftest -g -O2   conftest.c conftstm.o >&5
configure:6934: $? = 0
configure:6972: result: ok
configure:7067: gcc -c -g -O2  conftest.c >&5
configure:7070: $? = 0
configure:7820: checking for dlfcn.h
configure:7820: gcc -c -g -O2  conftest.c >&5
configure:7820: $? = 0
configure:7820: result: yes
configure:7977: checking for objdir
configure:7992: result: .libs
configure:8263: checking if gcc supports -fno-rtti -fno-exceptions
configure:8281: gcc -c -g -O2  -fno-rtti -fno-exceptions conftest.c >&5
cc1: warning: command line option '-fno-rtti' is valid for C++/ObjC++ but not for C
configure:8285: $? = 0
configure:8298: result: no
configure:8318: checking for gcc option to produce PIC
configure:8604: result: -fPIC -DPIC
configure:8616: checking if gcc PIC flag -fPIC -DPIC works
configure:8634: gcc -c -g -O2  -fPIC -DPIC -DPIC conftest.c >&5
configure:8638: $? = 0
configure:8651: result: yes
configure:8675: checking if gcc static flag -static works
configure:8703: result: yes
configure:8718: checking if gcc supports -c -o file.o
configure:8739: gcc -c -g -O2  -o out/conftest2.o conftest.c >&5
configure:8743: $? = 0
configure:8765: result: yes
configure:8773: checking if gcc supports -c -o file.o
configure:8820: result: yes
configure:8853: checking whether the gcc linker (/usr/bin/ld -m elf_x86_64) supports shared libraries
configure:9924: result: yes
configure:10169: checking dynamic linker characteristics
configure:10625: gcc -o conftest -g -O2   -Wl,-rpath -Wl,/foo conftest.c  >&5
configure:10625: $? = 0
configure:10847: result: GNU/Linux ld.so
configure:10954: checking how to hardcode library paths into programs
configure:10979: result: immediate
configure:11519: checking whether stripping libraries is possible
configure:11524: result: yes
configure:11559: checking if libtool supports shared libraries
configure:11561: result: yes
configure:11564: checking whether to build shared libraries
configure:11585: result: no
configure:11588: checking whether to build static libraries
configure:11592: result: yes
configure:11636: checking for special C compiler options needed for large files
configure:11681: result: no
configure:11687: checking for _FILE_OFFSET_BITS value needed for large files
configure:11712: gcc -c -g -O2  conftest.c >&5
configure:11712: $? = 0
configure:11744: result: no
configure:11837: checking unwind.h usability
configure:11837: gcc -c -g -O2  conftest.c >&5
configure:11837: $? = 0
configure:11837: result: yes
configure:11837: checking unwind.h presence
configure:11837: gcc -E  conftest.c
configure:11837: $? = 0
configure:11837: result: yes
configure:11837: checking for unwind.h
configure:11837: result: yes
configure:11839: checking for _Unwind_Backtrace
configure:11839: gcc -o conftest -g -O2   conftest.c  >&5
configure:11839: $? = 0
configure:11839: result: yes
configure:11860: checking for -funwind-tables option
configure:11878: gcc -c -g -O2 -funwind-tables  conftest.c >&5
configure:11878: $? = 0
configure:11886: result: yes
configure:11891: checking for -frandom-seed=string option
configure:11909: gcc -c -g -O2 -frandom-seed=conftest.lo  conftest.c >&5
configure:11909: $? = 0
configure:11917: result: yes
configure:11944: checking whether gcc supports -W
configure:11961: gcc -c -W  conftest.c >&5
configure:11961: $? = 0
configure:11970: result: yes
configure:11944: checking whether gcc supports -Wall
configure:11961: gcc -c -Wall  conftest.c >&5
configure:11961: $? = 0
configure:11970: result: yes
configure:11944: checking whether gcc supports -Wwrite-strings
configure:11961: gcc -c -Wwrite-strings  conftest.c >&5
configure:11961: $? = 0
configure:11970: result: yes
configure:11944: checking whether gcc supports -Wstrict-prototypes
configure:11961: gcc -c -Wstrict-prototypes  conftest.c >&5
conftest.c:28:1: warning: function declaration isn't a prototype [-Wstrict-prototypes]
 main ()
 ^~~~
configure:11961: $? = 0
configure:11970: result: yes
configure:11944: checking whether gcc supports -Wmissing-prototypes
configure:11961: gcc -c -Wmissing-prototypes  conftest.c >&5
configure:11961: $? = 0
configure:11970: result: yes
configure:11944: checking whether gcc supports -Wold-style-definition
configure:11961: gcc -c -Wold-style-definition  conftest.c >&5
conftest.c: In function 'main':
conftest.c:28:1: warning: old-style function definition [-Wold-style-definition]
 main ()
 ^~~~
configure:11961: $? = 0
configure:11970: result: yes
configure:11944: checking whether gcc supports -Wmissing-format-attribute
configure:11961: gcc -c -Wmissing-format-attribute  conftest.c >&5
configure:11961: $? = 0
configure:11970: result: yes
configure:11944: checking whether gcc supports -Wcast-qual
configure:11961: gcc -c -Wcast-qual  conftest.c >&5
configure:11961: $? = 0
configure:11970: result: yes
configure:12031: checking for _Unwind_GetIPInfo
configure:12046: gcc -o conftest -g -O2 -Werror-implicit-function-declaration   conftest.c  >&5
configure:12046: $? = 0
configure:12054: result: yes
configure:12074: checking __sync extensions
configure:12098: gcc -o conftest -g -O2   conftest.c  >&5
configure:12098: $? = 0
configure:12107: result: yes
configure:12119: checking __atomic extensions
configure:12139: gcc -o conftest -g -O2   conftest.c  >&5
configure:12139: $? = 0
configure:12148: result: yes
configure:12159: checking output filetype
configure:12176: gcc -c -g -O2  conftest.c >&5
configure:12176: $? = 0
configure:12187: result: elf64
configure:12258: checking sys/mman.h usability
configure:12258: gcc -c -g -O2  conftest.c >&5
configure:12258: $? = 0
configure:12258: result: yes
configure:12258: checking sys/mman.h presence
configure:12258: gcc -E  conftest.c
configure:12258: $? = 0
configure:12258: result: yes
configure:12258: checking for sys/mman.h
configure:12258: result: yes
configure:12283: checking for mmap
configure:12283: gcc -o conftest -g -O2   conftest.c  >&5
configure:12283: $? = 0
configure:12283: result: yes
configure:12306: gcc -E  conftest.c
configure:12306: $? = 0
configure:12325: checking link.h usability
configure:12325: gcc -c -g -O2  conftest.c >&5
configure:12325: $? = 0
configure:12325: result: yes
configure:12325: checking link.h presence
configure:12325: gcc -E  conftest.c
configure:12325: $? = 0
configure:12325: result: yes
configure:12325: checking for link.h
configure:12325: result: yes
configure:12360: checking for dl_iterate_phdr
configure:12360: gcc -o conftest -g -O2   conftest.c  >&5
configure:12360: $? = 0
configure:12360: result: yes
configure:12378: checking mach-o/dyld.h usability
configure:12378: gcc -c -g -O2  conftest.c >&5
conftest.c:67:10: fatal error: mach-o/dyld.h: No such file or directory
 #include <mach-o/dyld.h>
          ^~~~~~~~~~~~~~~
compilation terminated.
configure:12378: $? = 1
configure: failed program was:
| /* confdefs.h */
| #define PACKAGE_NAME "package-unused"
| #define PACKAGE_TARNAME "libbacktrace"
| #define PACKAGE_VERSION "version-unused"
| #define PACKAGE_STRING "package-unused version-unused"
| #define PACKAGE_BUGREPORT ""
| #define PACKAGE_URL ""
| #define STDC_HEADERS 1
| #define HAVE_SYS_TYPES_H 1
| #define HAVE_SYS_STAT_H 1
| #define HAVE_STDLIB_H 1
| #define HAVE_STRING_H 1
| #define HAVE_MEMORY_H 1
| #define HAVE_STRINGS_H 1
| #define HAVE_INTTYPES_H 1
| #define HAVE_STDINT_H 1
| #define HAVE_UNISTD_H 1
| #define __EXTENSIONS__ 1
| #define _ALL_SOURCE 1
| #define _GNU_SOURCE 1
| #define _POSIX_PTHREAD_SEMANTICS 1
| #define _TANDEM_SOURCE 1
| #define HAVE_DLFCN_H 1
| #define LT_OBJDIR ".libs/"
| #define HAVE_GETIPINFO 1
| #define HAVE_SYNC_FUNCTIONS 1
| #define HAVE_ATOMIC_FUNCTIONS 1
| #define BACKTRACE_ELF_SIZE 64
| #define BACKTRACE_XCOFF_SIZE unused
| #define HAVE_SYS_MMAN_H 1
| #define HAVE_LINK_H 1
| #define HAVE_DL_ITERATE_PHDR 1
| /* end confdefs.h.  */
| #include <stdio.h>
| #ifdef HAVE_SYS_TYPES_H
| # include <sys/types.h>
| #endif
| #ifdef HAVE_SYS_STAT_H
| # include <sys/stat.h>
| #endif
| #ifdef STDC_HEADERS
| # include <stdlib.h>
| # include <stddef.h>
| #else
| # ifdef HAVE_STDLIB_H
| #  include <stdlib.h>
| # endif
| #endif
| #ifdef HAVE_STRING_H
| # if !defined STDC_HEADERS && defined HAVE_MEMORY_H
| #  include <memory.h>
| # endif
| # include <string.h>
| #endif
| #ifdef HAVE_STRINGS_H
| # include <strings.h>
| #endif
| #ifdef HAVE_INTTYPES_H
| # include <inttypes.h>
| #endif
| #ifdef HAVE_STDINT_H
| # include <stdint.h>
| #endif
| #ifdef HAVE_UNISTD_H
| # include <unistd.h>
| #endif
| #include <mach-o/dyld.h>
configure:12378: result: no
configure:12378: checking mach-o/dyld.h presence
configure:12378: gcc -E  conftest.c
conftest.c:34:10: fatal error: mach-o/dyld.h: No such file or directory
 #include <mach-o/dyld.h>
          ^~~~~~~~~~~~~~~
compilation terminated.
configure:12378: $? = 1
configure: failed program was:
| /* confdefs.h */
| #define PACKAGE_NAME "package-unused"
| #define PACKAGE_TARNAME "libbacktrace"
| #define PACKAGE_VERSION "version-unused"
| #define PACKAGE_STRING "package-unused version-unused"
| #define PACKAGE_BUGREPORT ""
| #define PACKAGE_URL ""
| #define STDC_HEADERS 1
| #define HAVE_SYS_TYPES_H 1
| #define HAVE_SYS_STAT_H 1
| #define HAVE_STDLIB_H 1
| #define HAVE_STRING_H 1
| #define HAVE_MEMORY_H 1
| #define HAVE_STRINGS_H 1
| #define HAVE_INTTYPES_H 1
| #define HAVE_STDINT_H 1
| #define HAVE_UNISTD_H 1
| #define __EXTENSIONS__ 1
| #define _ALL_SOURCE 1
| #define _GNU_SOURCE 1
| #define _POSIX_PTHREAD_SEMANTICS 1
| #define _TANDEM_SOURCE 1
| #define HAVE_DLFCN_H 1
| #define LT_OBJDIR ".libs/"
| #define HAVE_GETIPINFO 1
| #define HAVE_SYNC_FUNCTIONS 1
| #define HAVE_ATOMIC_FUNCTIONS 1
| #define BACKTRACE_ELF_SIZE 64
| #define BACKTRACE_XCOFF_SIZE unused
| #define HAVE_SYS_MMAN_H 1
| #define HAVE_LINK_H 1
| #define HAVE_DL_ITERATE_PHDR 1
| /* end confdefs.h.  */
| #include <mach-o/dyld.h>
configure:12378: result: no
configure:12378: checking for mach-o/dyld.h
configure:12378: result: no
configure:12392: checking sys/ldr.h usability
configure:12392: gcc -c -g -O2  conftest.c >&5
conftest.c:67:10: fatal error: sys/ldr.h: No such file or directory
 #include <sys/ldr.h>
          ^~~~~~~~~~~
compilation terminated.
configure:12392: $? = 1
configure: failed program was:
| /* confdefs.h */
| #define PACKAGE_NAME "package-unused"
| #define PACKAGE_TARNAME "libbacktrace"
| #define PACKAGE_VERSION "version-unused"
| #define PACKAGE_STRING "package-unused version-unused"
| #define PACKAGE_BUGREPORT ""
| #define PACKAGE_URL ""
| #define STDC_HEADERS 1
| #define HAVE_SYS_TYPES_H 1
| #define HAVE_SYS_STAT_H 1
| #define HAVE_STDLIB_H 1
| #define HAVE_STRING_H 1
| #define HAVE_MEMORY_H 1
| #define HAVE_STRINGS_H 1
| #define HAVE_INTTYPES_H 1
| #define HAVE_STDINT_H 1
| #define HAVE_UNISTD_H 1
| #define __EXTENSIONS__ 1
| #define _ALL_SOURCE 1
| #define _GNU_SOURCE 1
| #define _POSIX_PTHREAD_SEMANTICS 1
| #define _TANDEM_SOURCE 1
| #define HAVE_DLFCN_H 1
| #define LT_OBJDIR ".libs/"
| #define HAVE_GETIPINFO 1
| #define HAVE_SYNC_FUNCTIONS 1
| #define HAVE_ATOMIC_FUNCTIONS 1
| #define BACKTRACE_ELF_SIZE 64
| #define BACKTRACE_XCOFF_SIZE unused
| #define HAVE_SYS_MMAN_H 1
| #define HAVE_LINK_H 1
| #define HAVE_DL_ITERATE_PHDR 1
| /* end confdefs.h.  */
| #include <stdio.h>
| #ifdef HAVE_SYS_TYPES_H
| # include <sys/types.h>
| #endif
| #ifdef HAVE_SYS_STAT_H
| # include <sys/stat.h>
| #endif
| #ifdef STDC_HEADERS
| # include <stdlib.h>
| # include <stddef.h>
| #else
| # ifdef HAVE_STDLIB_H
| #  include <stdlib.h>
| # endif
| #endif
| #ifdef HAVE_STRING_H
| # if !defined STDC_HEADERS && defined HAVE_MEMORY_H
| #  include <memory.h>
| # endif
| # include <string.h>
| #endif
| #ifdef HAVE_STRINGS_H
| # include <strings.h>
| #endif
| #ifdef HAVE_INTTYPES_H
| # include <inttypes.h>
| #endif
| #ifdef HAVE_STDINT_H
| # include <stdint.h>
| #endif
| #ifdef HAVE_UNISTD_H
| # include <unistd.h>
| #endif
| #include <sys/ldr.h>
configure:12392: result: no
configure:12392: checking sys/ldr.h presence
configure:12392: gcc -E  conftest.c
conftest.c:34:10: fatal error: sys/ldr.h: No such file or directory
 #include <sys/ldr.h>
          ^~~~~~~~~~~
compilation terminated.
configure:12392: $? = 1
configure: failed program was:
| /* confdefs.h */
| #define PACKAGE_NAME "package-unused"
| #define PACKAGE_TARNAME "libbacktrace"
| #define PACKAGE_VERSION "version-unused"
| #define PACKAGE_STRING "package-unused version-unused"
| #define PACKAGE_BUGREPORT ""
| #define PACKAGE_URL ""
| #define STDC_HEADERS 1
| #define HAVE_SYS_TYPES_H 1
| #define HAVE_SYS_STAT_H 1
| #define HAVE_STDLIB_H 1
| #define HAVE_STRING_H 1
| #define HAVE_MEMORY_H 1
| #define HAVE_STRINGS_H 1
| #define HAVE_INTTYPES_H 1
| #define HAVE_STDINT_H 1
| #define HAVE_UNISTD_H 1
| #define __EXTENSIONS__ 1
| #define _ALL_SOURCE 1
| #define _GNU_SOURCE 1
| #define _POSIX_PTHREAD_SEMANTICS 1
| #define _TANDEM_SOURCE 1
| #define HAVE_DLFCN_H 1
| #define LT_OBJDIR ".libs/"
| #define HAVE_GETIPINFO 1
| #define HAVE_SYNC_FUNCTIONS 1
| #define HAVE_ATOMIC_FUNCTIONS 1
| #define BACKTRACE_ELF_SIZE 64
| #define BACKTRACE_XCOFF_SIZE unused
| #define HAVE_SYS_MMAN_H 1
| #define HAVE_LINK_H 1
| #define HAVE_DL_ITERATE_PHDR 1
| /* end confdefs.h.  */
| #include <sys/ldr.h>
configure:12392: result: no
configure:12392: checking for sys/ldr.h
configure:12392: result: no
configure:12444: checking for fcntl
configure:12444: gcc -o conftest -g -O2   conftest.c  >&5
configure:12444: $? = 0
configure:12444: result: yes
configure:12458: checking whether strnlen is declared
configure:12458: gcc -c -g -O2  conftest.c >&5
configure:12458: $? = 0
configure:12458: result: yes
configure:12468: checking whether getpagesize is declared
configure:12468: gcc -c -g -O2  conftest.c >&5
configure:12468: $? = 0
configure:12468: result: yes
configure:12482: checking for lstat
configure:12482: gcc -o conftest -g -O2   conftest.c  >&5
configure:12482: $? = 0
configure:12482: result: yes
configure:12482: checking for readlink
configure:12482: gcc -o conftest -g -O2   conftest.c  >&5
configure:12482: $? = 0
configure:12482: result: yes
configure:12499: checking for getexecname
configure:12499: gcc -o conftest -g -O2   conftest.c  >&5
/tmp/ccik9BpA.o: In function `main':
/media/tliu/ECE699/tvm-repo/tvm/build/libbacktrace/conftest.c:73: undefined reference to `getexecname'
collect2: error: ld returned 1 exit status
configure:12499: $? = 1
configure: failed program was:
| /* confdefs.h */
| #define PACKAGE_NAME "package-unused"
| #define PACKAGE_TARNAME "libbacktrace"
| #define PACKAGE_VERSION "version-unused"
| #define PACKAGE_STRING "package-unused version-unused"
| #define PACKAGE_BUGREPORT ""
| #define PACKAGE_URL ""
| #define STDC_HEADERS 1
| #define HAVE_SYS_TYPES_H 1
| #define HAVE_SYS_STAT_H 1
| #define HAVE_STDLIB_H 1
| #define HAVE_STRING_H 1
| #define HAVE_MEMORY_H 1
| #define HAVE_STRINGS_H 1
| #define HAVE_INTTYPES_H 1
| #define HAVE_STDINT_H 1
| #define HAVE_UNISTD_H 1
| #define __EXTENSIONS__ 1
| #define _ALL_SOURCE 1
| #define _GNU_SOURCE 1
| #define _POSIX_PTHREAD_SEMANTICS 1
| #define _TANDEM_SOURCE 1
| #define HAVE_DLFCN_H 1
| #define LT_OBJDIR ".libs/"
| #define HAVE_GETIPINFO 1
| #define HAVE_SYNC_FUNCTIONS 1
| #define HAVE_ATOMIC_FUNCTIONS 1
| #define BACKTRACE_ELF_SIZE 64
| #define BACKTRACE_XCOFF_SIZE unused
| #define HAVE_SYS_MMAN_H 1
| #define HAVE_LINK_H 1
| #define HAVE_DL_ITERATE_PHDR 1
| #define HAVE_FCNTL 1
| #define HAVE_DECL_STRNLEN 1
| #define HAVE_DECL_GETPAGESIZE 1
| #define HAVE_LSTAT 1
| #define HAVE_READLINK 1
| /* end confdefs.h.  */
| /* Define getexecname to an innocuous variant, in case <limits.h> declares getexecname.
|    For example, HP-UX 11i <limits.h> declares gettimeofday.  */
| #define getexecname innocuous_getexecname
| 
| /* System header to define __stub macros and hopefully few prototypes,
|     which can conflict with char getexecname (); below.
|     Prefer <limits.h> to <assert.h> if __STDC__ is defined, since
|     <limits.h> exists even on freestanding compilers.  */
| 
| #ifdef __STDC__
| # include <limits.h>
| #else
| # include <assert.h>
| #endif
| 
| #undef getexecname
| 
| /* Override any GCC internal prototype to avoid an error.
|    Use char because int might match the return type of a GCC
|    builtin and then its argument prototype would still apply.  */
| #ifdef __cplusplus
| extern "C"
| #endif
| char getexecname ();
| /* The GNU C library defines this for functions which it implements
|     to always fail with ENOSYS.  Some functions are actually named
|     something starting with __ and the normal name is an alias.  */
| #if defined __stub_getexecname || defined __stub___getexecname
| choke me
| #endif
| 
| int
| main ()
| {
| return getexecname ();
|   ;
|   return 0;
| }
configure:12499: result: no
configure:12515: checking for KERN_PROC
configure:12534: gcc -c -g -O2  conftest.c >&5
conftest.c: In function 'main':
conftest.c:46:33: error: 'KERN_PROC' undeclared (first use in this function); did you mean 'KERN_PROF'?
 int mib0 = CTL_KERN; int mib1 = KERN_PROC; int mib2 = KERN_PROC_PATHNAME;
                                 ^~~~~~~~~
                                 KERN_PROF
conftest.c:46:33: note: each undeclared identifier is reported only once for each function it appears in
conftest.c:46:55: error: 'KERN_PROC_PATHNAME' undeclared (first use in this function); did you mean 'KERN_DOMAINNAME'?
 int mib0 = CTL_KERN; int mib1 = KERN_PROC; int mib2 = KERN_PROC_PATHNAME;
                                                       ^~~~~~~~~~~~~~~~~~
                                                       KERN_DOMAINNAME
configure:12534: $? = 1
configure: failed program was:
| /* confdefs.h */
| #define PACKAGE_NAME "package-unused"
| #define PACKAGE_TARNAME "libbacktrace"
| #define PACKAGE_VERSION "version-unused"
| #define PACKAGE_STRING "package-unused version-unused"
| #define PACKAGE_BUGREPORT ""
| #define PACKAGE_URL ""
| #define STDC_HEADERS 1
| #define HAVE_SYS_TYPES_H 1
| #define HAVE_SYS_STAT_H 1
| #define HAVE_STDLIB_H 1
| #define HAVE_STRING_H 1
| #define HAVE_MEMORY_H 1
| #define HAVE_STRINGS_H 1
| #define HAVE_INTTYPES_H 1
| #define HAVE_STDINT_H 1
| #define HAVE_UNISTD_H 1
| #define __EXTENSIONS__ 1
| #define _ALL_SOURCE 1
| #define _GNU_SOURCE 1
| #define _POSIX_PTHREAD_SEMANTICS 1
| #define _TANDEM_SOURCE 1
| #define HAVE_DLFCN_H 1
| #define LT_OBJDIR ".libs/"
| #define HAVE_GETIPINFO 1
| #define HAVE_SYNC_FUNCTIONS 1
| #define HAVE_ATOMIC_FUNCTIONS 1
| #define BACKTRACE_ELF_SIZE 64
| #define BACKTRACE_XCOFF_SIZE unused
| #define HAVE_SYS_MMAN_H 1
| #define HAVE_LINK_H 1
| #define HAVE_DL_ITERATE_PHDR 1
| #define HAVE_FCNTL 1
| #define HAVE_DECL_STRNLEN 1
| #define HAVE_DECL_GETPAGESIZE 1
| #define HAVE_LSTAT 1
| #define HAVE_READLINK 1
| /* end confdefs.h.  */
| 
| #include <sys/types.h>
| #include <sys/sysctl.h>
| 
| int
| main ()
| {
| int mib0 = CTL_KERN; int mib1 = KERN_PROC; int mib2 = KERN_PROC_PATHNAME;
|   ;
|   return 0;
| }
configure:12541: result: no
configure:12549: checking for KERN_PROG_ARGS
configure:12568: gcc -c -g -O2  conftest.c >&5
conftest.c: In function 'main':
conftest.c:46:33: error: 'KERN_PROC_ARGS' undeclared (first use in this function); did you mean 'KERN_PPC_L2CR'?
 int mib0 = CTL_KERN; int mib1 = KERN_PROC_ARGS; int mib2 = KERN_PROC_PATHNAME;
                                 ^~~~~~~~~~~~~~
                                 KERN_PPC_L2CR
conftest.c:46:33: note: each undeclared identifier is reported only once for each function it appears in
conftest.c:46:60: error: 'KERN_PROC_PATHNAME' undeclared (first use in this function); did you mean 'KERN_PROC_ARGS'?
 int mib0 = CTL_KERN; int mib1 = KERN_PROC_ARGS; int mib2 = KERN_PROC_PATHNAME;
                                                            ^~~~~~~~~~~~~~~~~~
                                                            KERN_PROC_ARGS
configure:12568: $? = 1
configure: failed program was:
| /* confdefs.h */
| #define PACKAGE_NAME "package-unused"
| #define PACKAGE_TARNAME "libbacktrace"
| #define PACKAGE_VERSION "version-unused"
| #define PACKAGE_STRING "package-unused version-unused"
| #define PACKAGE_BUGREPORT ""
| #define PACKAGE_URL ""
| #define STDC_HEADERS 1
| #define HAVE_SYS_TYPES_H 1
| #define HAVE_SYS_STAT_H 1
| #define HAVE_STDLIB_H 1
| #define HAVE_STRING_H 1
| #define HAVE_MEMORY_H 1
| #define HAVE_STRINGS_H 1
| #define HAVE_INTTYPES_H 1
| #define HAVE_STDINT_H 1
| #define HAVE_UNISTD_H 1
| #define __EXTENSIONS__ 1
| #define _ALL_SOURCE 1
| #define _GNU_SOURCE 1
| #define _POSIX_PTHREAD_SEMANTICS 1
| #define _TANDEM_SOURCE 1
| #define HAVE_DLFCN_H 1
| #define LT_OBJDIR ".libs/"
| #define HAVE_GETIPINFO 1
| #define HAVE_SYNC_FUNCTIONS 1
| #define HAVE_ATOMIC_FUNCTIONS 1
| #define BACKTRACE_ELF_SIZE 64
| #define BACKTRACE_XCOFF_SIZE unused
| #define HAVE_SYS_MMAN_H 1
| #define HAVE_LINK_H 1
| #define HAVE_DL_ITERATE_PHDR 1
| #define HAVE_FCNTL 1
| #define HAVE_DECL_STRNLEN 1
| #define HAVE_DECL_GETPAGESIZE 1
| #define HAVE_LSTAT 1
| #define HAVE_READLINK 1
| /* end confdefs.h.  */
| 
| #include <sys/types.h>
| #include <sys/sysctl.h>
| 
| int
| main ()
| {
| int mib0 = CTL_KERN; int mib1 = KERN_PROC_ARGS; int mib2 = KERN_PROC_PATHNAME;
|   ;
|   return 0;
| }
configure:12575: result: no
configure:12586: checking for clock_gettime
configure:12586: gcc -o conftest -g -O2   conftest.c  >&5
configure:12586: $? = 0
configure:12586: result: yes
configure:12647: checking whether -pthread is supported
configure:12658: gcc -c -g -O2 -pthread  conftest.c >&5
configure:12658: $? = 0
configure:12666: result: yes
configure:12683: checking whether -gdwarf-5 is supported
configure:12701: gcc -o conftest -g -O2 -gdwarf-5   conftest.c  >&5
configure:12701: $? = 0
configure:12710: result: yes
configure:12721: checking for compress in -lz
configure:12746: gcc -o conftest -g -O2   conftest.c -lz   >&5
configure:12746: $? = 0
configure:12755: result: yes
configure:12772: checking whether --compress-debug-sections is supported
configure:12790: gcc -o conftest -g -O2   -Wl,--compress-debug-sections=zlib-gnu conftest.c  >&5
configure:12790: $? = 0
configure:12799: result: yes
configure:12813: checking for objcopy
configure:12829: found /usr/bin/objcopy
configure:12840: result: objcopy
configure:12850: checking for readelf
configure:12866: found /usr/bin/readelf
configure:12877: result: readelf
configure:12885: checking whether objcopy supports debuglink
configure:12900: result: yes
configure:12914: checking for dsymutil
configure:12944: result: no
configure:12961: checking for nm
configure:12988: result: /usr/bin/nm -B
configure:12999: checking for xz
configure:13015: found /home/tliu/anaconda3/bin/xz
configure:13026: result: xz
configure:13044: checking for comm
configure:13060: found /usr/bin/comm
configure:13071: result: comm
configure:13097: checking for lzma_auto_decoder in -llzma
configure:13122: gcc -o conftest -g -O2   conftest.c -llzma   >&5
configure:13122: $? = 0
configure:13131: result: yes
configure:13148: checking whether tests can run
configure:13167: gcc -o conftest -g -O2   conftest.c  >&5
configure:13167: $? = 0
configure:13167: ./conftest
configure:13167: $? = 0
configure:13177: result: yes
configure:13312: checking that generated files are newer than configure
configure:13318: result: done
configure:13389: creating ./config.status

## ---------------------- ##
## Running config.status. ##
## ---------------------- ##

This file was extended by package-unused config.status version-unused, which was
generated by GNU Autoconf 2.69.  Invocation command line was

  CONFIG_FILES    = 
  CONFIG_HEADERS  = 
  CONFIG_LINKS    = 
  CONFIG_COMMANDS = 
  $ ./config.status 

on ignis-ThinkStation-P620

config.status:1150: creating Makefile
config.status:1150: creating backtrace-supported.h
config.status:1150: creating install-debuginfo-for-buildid.sh
config.status:1150: creating config.h
config.status:1316: config.h is unchanged
config.status:1364: executing libtool commands
config.status:1364: executing default commands

## ---------------- ##
## Cache variables. ##
## ---------------- ##

ac_cv_build=x86_64-pc-linux-gnu
ac_cv_c_compiler_gnu=yes
ac_cv_env_CC_set=
ac_cv_env_CC_value=
ac_cv_env_CFLAGS_set=
ac_cv_env_CFLAGS_value=
ac_cv_env_CPPFLAGS_set=
ac_cv_env_CPPFLAGS_value=
ac_cv_env_CPP_set=
ac_cv_env_CPP_value=
ac_cv_env_DSYMUTIL_set=
ac_cv_env_DSYMUTIL_value=
ac_cv_env_LDFLAGS_set=
ac_cv_env_LDFLAGS_value=
ac_cv_env_LIBS_set=
ac_cv_env_LIBS_value=
ac_cv_env_NM_set=
ac_cv_env_NM_value=
ac_cv_env_OBJCOPY_set=
ac_cv_env_OBJCOPY_value=
ac_cv_env_build_alias_set=
ac_cv_env_build_alias_value=
ac_cv_env_host_alias_set=
ac_cv_env_host_alias_value=
ac_cv_env_target_alias_set=
ac_cv_env_target_alias_value=
ac_cv_func__Unwind_Backtrace=yes
ac_cv_func_clock_gettime=yes
ac_cv_func_dl_iterate_phdr=yes
ac_cv_func_fcntl=yes
ac_cv_func_getexecname=no
ac_cv_func_lstat=yes
ac_cv_func_mmap=yes
ac_cv_func_readlink=yes
ac_cv_have_decl_getpagesize=yes
ac_cv_have_decl_strnlen=yes
ac_cv_header_dlfcn_h=yes
ac_cv_header_inttypes_h=yes
ac_cv_header_link_h=yes
ac_cv_header_mach_o_dyld_h=no
ac_cv_header_memory_h=yes
ac_cv_header_minix_config_h=no
ac_cv_header_stdc=yes
ac_cv_header_stdint_h=yes
ac_cv_header_stdlib_h=yes
ac_cv_header_string_h=yes
ac_cv_header_strings_h=yes
ac_cv_header_sys_ldr_h=no
ac_cv_header_sys_mman_h=yes
ac_cv_header_sys_stat_h=yes
ac_cv_header_sys_types_h=yes
ac_cv_header_unistd_h=yes
ac_cv_header_unwind_h=yes
ac_cv_host=x86_64-pc-linux-gnu
ac_cv_lib_lzma_lzma_auto_decoder=yes
ac_cv_lib_z_compress=yes
ac_cv_objext=o
ac_cv_path_EGREP='/bin/grep -E'
ac_cv_path_FGREP='/bin/grep -F'
ac_cv_path_GREP=/bin/grep
ac_cv_path_SED=/bin/sed
ac_cv_path_install='/usr/bin/install -c'
ac_cv_path_mkdir=/bin/mkdir
ac_cv_prog_AWK=mawk
ac_cv_prog_COMM=comm
ac_cv_prog_CPP='gcc -E'
ac_cv_prog_NM='/usr/bin/nm -B'
ac_cv_prog_OBJCOPY=objcopy
ac_cv_prog_READELF=readelf
ac_cv_prog_XZ=xz
ac_cv_prog_ac_ct_AR=ar
ac_cv_prog_ac_ct_CC=gcc
ac_cv_prog_ac_ct_OBJDUMP=objdump
ac_cv_prog_ac_ct_RANLIB=ranlib
ac_cv_prog_ac_ct_STRIP=strip
ac_cv_prog_cc_c89=
ac_cv_prog_cc_g=yes
ac_cv_prog_make_make_set=yes
ac_cv_safe_to_define___extensions__=yes
ac_cv_sys_file_offset_bits=no
ac_cv_sys_largefile_CC=no
ac_cv_target=x86_64-pc-linux-gnu
acx_cv_prog_cc_warning__W=yes
acx_cv_prog_cc_warning__Wall=yes
acx_cv_prog_cc_warning__Wcast_qual=yes
acx_cv_prog_cc_warning__Wmissing_format_attribute=yes
acx_cv_prog_cc_warning__Wmissing_prototypes=yes
acx_cv_prog_cc_warning__Wold_style_definition=yes
acx_cv_prog_cc_warning__Wstrict_prototypes=yes
acx_cv_prog_cc_warning__Wwrite_strings=yes
am_cv_make_support_nested_variables=yes
am_cv_prog_cc_c_o=yes
libbacktrace_cv_c_random_seed_string=yes
libbacktrace_cv_c_unwind_tables=yes
libbacktrace_cv_lib_dwarf5=yes
libbacktrace_cv_objcopy_debuglink=yes
libbacktrace_cv_proc=no
libbacktrace_cv_procargs=no
libbacktrace_cv_sys_atomic=yes
libbacktrace_cv_sys_filetype=elf64
libbacktrace_cv_sys_native=yes
libbacktrace_cv_sys_sync=yes
libgo_cv_ld_compress=yes
libgo_cv_lib_pthread=yes
lt_cv_deplibs_check_method=pass_all
lt_cv_file_magic_cmd='$MAGIC_CMD'
lt_cv_file_magic_test_file=
lt_cv_ld_reload_flag=-r
lt_cv_nm_interface='BSD nm'
lt_cv_objdir=.libs
lt_cv_path_LD=/usr/bin/ld
lt_cv_path_NM='/usr/bin/nm -B'
lt_cv_prog_compiler_c_o=yes
lt_cv_prog_compiler_pic_works=yes
lt_cv_prog_compiler_rtti_exceptions=no
lt_cv_prog_compiler_static_works=yes
lt_cv_prog_gnu_ld=yes
lt_cv_shlibpath_overrides_runpath=yes
lt_cv_sys_global_symbol_pipe='sed -n -e '\''s/^.*[	 ]\([ABCDGIRSTW][ABCDGIRSTW]*\)[	 ][	 ]*\([_A-Za-z][_A-Za-z0-9]*\)$/\1 \2 \2/p'\'''
lt_cv_sys_global_symbol_to_c_name_address='sed -n -e '\''s/^: \([^ ]*\) $/  {\"\1\", (void *) 0},/p'\'' -e '\''s/^[ABCDGIRSTW]* \([^ ]*\) \([^ ]*\)$/  {"\2", (void *) \&\2},/p'\'''
lt_cv_sys_global_symbol_to_c_name_address_lib_prefix='sed -n -e '\''s/^: \([^ ]*\) $/  {\"\1\", (void *) 0},/p'\'' -e '\''s/^[ABCDGIRSTW]* \([^ ]*\) \(lib[^ ]*\)$/  {"\2", (void *) \&\2},/p'\'' -e '\''s/^[ABCDGIRSTW]* \([^ ]*\) \([^ ]*\)$/  {"lib\2", (void *) \&\2},/p'\'''
lt_cv_sys_global_symbol_to_cdecl='sed -n -e '\''s/^T .* \(.*\)$/extern int \1();/p'\'' -e '\''s/^[ABCDGIRSTW]* .* \(.*\)$/extern char \1;/p'\'''
lt_cv_sys_max_cmd_len=1572864

## ----------------- ##
## Output variables. ##
## ----------------- ##

ACLOCAL='aclocal-1.15'
ALLOC_FILE='mmap.lo'
AMTAR='$${TAR-tar}'
AM_BACKSLASH='\'
AM_DEFAULT_V='$(AM_DEFAULT_VERBOSITY)'
AM_DEFAULT_VERBOSITY='1'
AM_V='$(V)'
AR='ar'
AUTOCONF='autoconf'
AUTOHEADER='autoheader'
AUTOMAKE='automake-1.15'
AWK='mawk'
BACKTRACE_FILE='backtrace.lo simple.lo'
BACKTRACE_SUPPORTED='1'
BACKTRACE_SUPPORTS_DATA='1'
BACKTRACE_SUPPORTS_THREADS='1'
BACKTRACE_USES_MALLOC='0'
CC='gcc'
CFLAGS='-g -O2'
CLOCK_GETTIME_LINK=''
COMM='comm'
CPP='gcc -E'
CPPFLAGS=''
CYGPATH_W='echo'
DEFS='-DHAVE_CONFIG_H'
DSYMUTIL=''
DUMPBIN=''
DWZ=''
ECHO_C=''
ECHO_N='-n'
ECHO_T=''
EGREP='/bin/grep -E'
EXEEXT=''
EXTRA_FLAGS='-funwind-tables -frandom-seed=$@'
FGREP='/bin/grep -F'
FORMAT_FILE='elf.lo'
GREP='/bin/grep'
HAVE_COMM_FALSE='#'
HAVE_COMM_TRUE=''
HAVE_COMPRESSED_DEBUG_FALSE='#'
HAVE_COMPRESSED_DEBUG_TRUE=''
HAVE_DWARF5_FALSE='#'
HAVE_DWARF5_TRUE=''
HAVE_DWZ_FALSE=''
HAVE_DWZ_TRUE='#'
HAVE_ELF_FALSE='#'
HAVE_ELF_TRUE=''
HAVE_LIBLZMA_FALSE='#'
HAVE_LIBLZMA_TRUE=''
HAVE_MINIDEBUG_FALSE='#'
HAVE_MINIDEBUG_TRUE=''
HAVE_OBJCOPY_DEBUGLINK_FALSE='#'
HAVE_OBJCOPY_DEBUGLINK_TRUE=''
HAVE_PTHREAD_FALSE='#'
HAVE_PTHREAD_TRUE=''
HAVE_XZ_FALSE='#'
HAVE_XZ_TRUE=''
HAVE_ZLIB_FALSE='#'
HAVE_ZLIB_TRUE=''
INSTALL_DATA='${INSTALL} -m 644'
INSTALL_PROGRAM='${INSTALL}'
INSTALL_SCRIPT='${INSTALL}'
INSTALL_STRIP_PROGRAM='$(install_sh) -c -s'
LD='/usr/bin/ld -m elf_x86_64'
LDFLAGS=''
LIBOBJS=''
LIBS=''
LIBTOOL='$(SHELL) $(top_builddir)/libtool'
LIPO=''
LN_S='ln -s'
LTLIBOBJS=''
MAINT='#'
MAINTAINER_MODE_FALSE=''
MAINTAINER_MODE_TRUE='#'
MAKEINFO='makeinfo'
MKDIR_P='/bin/mkdir -p'
NATIVE_FALSE='#'
NATIVE_TRUE=''
NM='/usr/bin/nm -B'
NMEDIT=''
OBJCOPY='objcopy'
OBJDUMP='objdump'
OBJEXT='o'
OTOOL64=''
OTOOL=''
PACKAGE='libbacktrace'
PACKAGE_BUGREPORT=''
PACKAGE_NAME='package-unused'
PACKAGE_STRING='package-unused version-unused'
PACKAGE_TARNAME='libbacktrace'
PACKAGE_URL=''
PACKAGE_VERSION='version-unused'
PATH_SEPARATOR=':'
PIC_FLAG=''
PTHREAD_CFLAGS='-pthread'
RANLIB='ranlib'
READELF='readelf'
SED='/bin/sed'
SET_MAKE=''
SHELL='/bin/bash'
STRIP='strip'
USE_DSYMUTIL_FALSE=''
USE_DSYMUTIL_TRUE='#'
VERSION='version-unused'
VIEW_FILE='mmapio.lo'
WARN_FLAGS='-W -Wall -Wwrite-strings -Wstrict-prototypes -Wmissing-prototypes -Wold-style-definition -Wmissing-format-attribute -Wcast-qual'
XZ='xz'
ac_ct_CC='gcc'
ac_ct_DUMPBIN=''
am__EXEEXT_FALSE=''
am__EXEEXT_TRUE='#'
am__isrc=' -I$(srcdir)'
am__leading_dot='.'
am__tar='$${TAR-tar} chof - "$$tardir"'
am__untar='$${TAR-tar} xf -'
bindir='${exec_prefix}/bin'
build='x86_64-pc-linux-gnu'
build_alias=''
build_cpu='x86_64'
build_os='linux-gnu'
build_vendor='pc'
datadir='${datarootdir}'
datarootdir='${prefix}/share'
docdir='${datarootdir}/doc/${PACKAGE_TARNAME}'
dvidir='${docdir}'
exec_prefix='${prefix}'
host='x86_64-pc-linux-gnu'
host_alias=''
host_cpu='x86_64'
host_os='linux-gnu'
host_vendor='pc'
htmldir='${docdir}'
includedir='${prefix}/include'
infodir='${datarootdir}/info'
install_sh='${SHELL} /media/tliu/ECE699/tvm-repo/tvm/3rdparty/libbacktrace/install-sh'
libdir='${exec_prefix}/lib'
libexecdir='${exec_prefix}/libexec'
libtool_VERSION='1:0:0'
localedir='${datarootdir}/locale'
localstatedir='${prefix}/var'
mandir='${datarootdir}/man'
mkdir_p='$(MKDIR_P)'
multi_basedir=''
oldincludedir='/usr/include'
pdfdir='${docdir}'
prefix='/media/tliu/ECE699/tvm-repo/tvm/build/libbacktrace'
program_transform_name='s,x,x,'
psdir='${docdir}'
sbindir='${exec_prefix}/sbin'
sharedstatedir='${prefix}/com'
sysconfdir='${prefix}/etc'
target='x86_64-pc-linux-gnu'
target_alias=''
target_cpu='x86_64'
target_os='linux-gnu'
target_vendor='pc'

## ----------- ##
## confdefs.h. ##
## ----------- ##

/* confdefs.h */
#define PACKAGE_NAME "package-unused"
#define PACKAGE_TARNAME "libbacktrace"
#define PACKAGE_VERSION "version-unused"
#define PACKAGE_STRING "package-unused version-unused"
#define PACKAGE_BUGREPORT ""
#define PACKAGE_URL ""
#define STDC_HEADERS 1
#define HAVE_SYS_TYPES_H 1
#define HAVE_SYS_STAT_H 1
#define HAVE_STDLIB_H 1
#define HAVE_STRING_H 1
#define HAVE_MEMORY_H 1
#define HAVE_STRINGS_H 1
#define HAVE_INTTYPES_H 1
#define HAVE_STDINT_H 1
#define HAVE_UNISTD_H 1
#define __EXTENSIONS__ 1
#define _ALL_SOURCE 1
#define _GNU_SOURCE 1
#define _POSIX_PTHREAD_SEMANTICS 1
#define _TANDEM_SOURCE 1
#define HAVE_DLFCN_H 1
#define LT_OBJDIR ".libs/"
#define HAVE_GETIPINFO 1
#define HAVE_SYNC_FUNCTIONS 1
#define HAVE_ATOMIC_FUNCTIONS 1
#define BACKTRACE_ELF_SIZE 64
#define BACKTRACE_XCOFF_SIZE unused
#define HAVE_SYS_MMAN_H 1
#define HAVE_LINK_H 1
#define HAVE_DL_ITERATE_PHDR 1
#define HAVE_FCNTL 1
#define HAVE_DECL_STRNLEN 1
#define HAVE_DECL_GETPAGESIZE 1
#define HAVE_LSTAT 1
#define HAVE_READLINK 1
#define HAVE_CLOCK_GETTIME 1
#define HAVE_ZLIB 1
#define HAVE_LIBLZMA 1

configure: exit 0
